<?xml version="1.0" encoding="UTF-8"?>
<testng-results ignored="0" total="2" passed="2" failed="0" skipped="0">
  <reporter-output>
  </reporter-output>
  <suite started-at="2022-06-01T12:29:01 IST" name="Suite1" finished-at="2022-06-01T12:30:34 IST" duration-ms="93390">
    <groups>
    </groups>
    <test started-at="2022-06-01T12:29:01 IST" name="Test1" finished-at="2022-06-01T12:30:34 IST" duration-ms="93390">
      <class name="Test.TestNgMAvenTest">
        <test-method is-config="true" signature="setup()[pri:0, instance:Test.TestNgMAvenTest@2e005c4b]" started-at="2022-06-01T12:29:01 IST" name="setup" finished-at="2022-06-01T12:29:38 IST" duration-ms="36980" status="PASS">
          <reporter-output>
          </reporter-output>
        </test-method> <!-- setup -->
        <test-method signature="runtest()[pri:0, instance:Test.TestNgMAvenTest@2e005c4b]" started-at="2022-06-01T12:29:46 IST" name="runtest" finished-at="2022-06-01T12:30:29 IST" duration-ms="43429" status="PASS">
          <reporter-output>
          </reporter-output>
        </test-method> <!-- runtest -->
        <test-method is-config="true" signature="teardowntest()[pri:0, instance:Test.TestNgMAvenTest@2e005c4b]" started-at="2022-06-01T12:30:29 IST" name="teardowntest" finished-at="2022-06-01T12:30:32 IST" duration-ms="2773" status="PASS">
          <reporter-output>
          </reporter-output>
        </test-method> <!-- teardowntest -->
      </class> <!-- Test.TestNgMAvenTest -->
      <class name="Test.TestNgMAvenTest2">
        <test-method is-config="true" signature="setup()[pri:0, instance:Test.TestNgMAvenTest2@a514af7]" started-at="2022-06-01T12:29:38 IST" name="setup" finished-at="2022-06-01T12:29:45 IST" duration-ms="7626" status="PASS">
          <reporter-output>
          </reporter-output>
        </test-method> <!-- setup -->
        <test-method signature="runtest2()[pri:0, instance:Test.TestNgMAvenTest2@a514af7]" started-at="2022-06-01T12:29:46 IST" name="runtest2" finished-at="2022-06-01T12:30:29 IST" duration-ms="43360" status="PASS">
          <reporter-output>
          </reporter-output>
        </test-method> <!-- runtest2 -->
        <test-method is-config="true" signature="teardowntest()[pri:0, instance:Test.TestNgMAvenTest2@a514af7]" started-at="2022-06-01T12:30:32 IST" name="teardowntest" finished-at="2022-06-01T12:30:34 IST" duration-ms="2140" status="PASS">
          <reporter-output>
          </reporter-output>
        </test-method> <!-- teardowntest -->
      </class> <!-- Test.TestNgMAvenTest2 -->
    </test> <!-- Test1 -->
  </suite> <!-- Suite1 -->
</testng-results>
